[2022-04-19 07:39:03 INFO]: install::setup-logging ended
================
[2022-04-19 07:39:03 INFO]: install::start-up started
[2022-04-19 07:39:03 INFO]: install::start-up build image
[2022-04-19 07:39:03 INFO]: install::start-up running image
[2022-04-19 07:39:03 INFO]: install::start-up ended
================
[2022-04-19 08:33:55 INFO]: install::root-check started
[2022-04-19 08:33:55 INFO]: install::root-check ended
================
[2022-04-19 08:33:55 INFO]: install::docker-check started
[2022-04-19 08:33:55 INFO]: install::docker-check ended
================
[2022-04-19 08:33:55 INFO]: install::docker-compose-check started
[2022-04-19 08:33:55 INFO]: install::docker-compose-check ended
================
[2022-04-19 08:33:55 INFO]: install::tear-down started
[2022-04-19 08:33:55 INFO]: install::tear-down starting services
[2022-04-19 08:33:55 INFO]: install::tear-down ended
================
